2013/11/13 18:53:19 [error] [exception.CException] exception 'CException' with message 'Alias "gii.GiiModule" is invalid. Make sure it points to an existing PHP file and the file is readable.' in Z:\home\etayga.ru\www\protected\framework\YiiBase.php:316
Stack trace:
#0 Z:\home\etayga.ru\www\protected\framework\YiiBase.php(196): YiiBase::import('gii.GiiModule', true)
#1 Z:\home\etayga.ru\www\protected\framework\base\CModule.php(282): YiiBase::createComponent('gii.GiiModule', 'gii', NULL, Array)
#2 Z:\home\etayga.ru\www\protected\framework\web\CWebApplication.php(337): CModule->getModule('gii')
#3 Z:\home\etayga.ru\www\protected\framework\web\CWebApplication.php(276): CWebApplication->createController('gii')
#4 Z:\home\etayga.ru\www\protected\framework\web\CWebApplication.php(141): CWebApplication->runController('gii')
#5 Z:\home\etayga.ru\www\protected\framework\base\CApplication.php(169): CWebApplication->processRequest()
#6 Z:\home\etayga.ru\www\index.php(13): CApplication->run()
#7 {main}
REQUEST_URI=/index.php?r=gii
---
2013/11/13 18:54:32 [error] [exception.CDbException] exception 'CDbException' with message 'CDbConnection failed to open the DB connection: SQLSTATE[42000] [1049] Unknown database 'testdrive'' in Z:\home\etayga.ru\www\protected\framework\db\CDbConnection.php:381
Stack trace:
#0 Z:\home\etayga.ru\www\protected\framework\db\CDbConnection.php(330): CDbConnection->open()
#1 Z:\home\etayga.ru\www\protected\framework\db\CDbConnection.php(308): CDbConnection->setActive(true)
#2 Z:\home\etayga.ru\www\protected\framework\base\CModule.php(387): CDbConnection->init()
#3 Z:\home\etayga.ru\www\protected\framework\base\CModule.php(103): CModule->getComponent('db')
#4 Z:\home\etayga.ru\www\protected\framework\gii\generators\model\ModelCode.php(57): CModule->__get('db')
#5 Z:\home\etayga.ru\www\protected\framework\web\CFormModel.php(39): ModelCode->init()
#6 Z:\home\etayga.ru\www\protected\framework\gii\CCodeGenerator.php(153): CFormModel->__construct()
#7 Z:\home\etayga.ru\www\protected\framework\gii\CCodeGenerator.php(63): CCodeGenerator->prepare()
#8 Z:\home\etayga.ru\www\protected\framework\web\actions\CInlineAction.php(49): CCodeGenerator->actionIndex()
#9 Z:\home\etayga.ru\www\protected\framework\web\CController.php(308): CInlineAction->runWithParams(Array)
#10 Z:\home\etayga.ru\www\protected\framework\web\CController.php(286): CController->runAction(Object(CInlineAction))
#11 Z:\home\etayga.ru\www\protected\framework\web\CController.php(265): CController->runActionWithFilters(Object(CInlineAction), Array)
#12 Z:\home\etayga.ru\www\protected\framework\web\CWebApplication.php(282): CController->run('')
#13 Z:\home\etayga.ru\www\protected\framework\web\CWebApplication.php(141): CWebApplication->runController('gii/model')
#14 Z:\home\etayga.ru\www\protected\framework\base\CApplication.php(169): CWebApplication->processRequest()
#15 Z:\home\etayga.ru\www\index.php(13): CApplication->run()
#16 {main}
REQUEST_URI=/index.php?r=gii/model
HTTP_REFERER=http://etayga.ru/index.php?r=gii/default/index
---
2013/11/13 22:19:54 [error] [exception.CException] exception 'CException' with message 'TbActiveForm and its behaviors do not have a method or closure named "lazyFind".' in Z:\home\etayga.ru\www\protected\framework\base\CComponent.php:265
Stack trace:
#0 Z:\home\etayga.ru\www\themes\tasktracker\views\story\_form.php(18): CComponent->__call('lazyFind', Array)
#1 Z:\home\etayga.ru\www\themes\tasktracker\views\story\_form.php(18): TbActiveForm->lazyFind(Object(Story), 'user', Array)
#2 Z:\home\etayga.ru\www\protected\framework\web\CBaseController.php(126): require('Z:\home\etayga....')
#3 Z:\home\etayga.ru\www\protected\framework\web\CBaseController.php(95): CBaseController->renderInternal('Z:\home\etayga....', Array, true)
#4 Z:\home\etayga.ru\www\protected\framework\web\CController.php(869): CBaseController->renderFile('Z:\home\etayga....', Array, true)
#5 Z:\home\etayga.ru\www\themes\tasktracker\views\story\create.php(15): CController->renderPartial('_form', Array)
#6 Z:\home\etayga.ru\www\protected\framework\web\CBaseController.php(126): require('Z:\home\etayga....')
#7 Z:\home\etayga.ru\www\protected\framework\web\CBaseController.php(95): CBaseController->renderInternal('Z:\home\etayga....', Array, true)
#8 Z:\home\etayga.ru\www\protected\framework\web\CController.php(869): CBaseController->renderFile('Z:\home\etayga....', Array, true)
#9 Z:\home\etayga.ru\www\protected\framework\web\CController.php(782): CController->renderPartial('create', Array, true)
#10 Z:\home\etayga.ru\www\protected\controllers\StoryController.php(78): CController->render('create', Array)
#11 Z:\home\etayga.ru\www\protected\framework\web\actions\CInlineAction.php(49): StoryController->actionCreate()
#12 Z:\home\etayga.ru\www\protected\framework\web\CController.php(308): CInlineAction->runWithParams(Array)
#13 Z:\home\etayga.ru\www\protected\framework\web\filters\CFilterChain.php(133): CController->runAction(Object(CInlineAction))
#14 Z:\home\etayga.ru\www\protected\framework\web\filters\CFilter.php(40): CFilterChain->run()
#15 Z:\home\etayga.ru\www\protected\framework\web\CController.php(1145): CFilter->filter(Object(CFilterChain))
#16 Z:\home\etayga.ru\www\protected\framework\web\filters\CInlineFilter.php(58): CController->filterAccessControl(Object(CFilterChain))
#17 Z:\home\etayga.ru\www\protected\framework\web\filters\CFilterChain.php(130): CInlineFilter->filter(Object(CFilterChain))
#18 Z:\home\etayga.ru\www\protected\framework\web\CController.php(291): CFilterChain->run()
#19 Z:\home\etayga.ru\www\protected\framework\web\CController.php(265): CController->runActionWithFilters(Object(CInlineAction), Array)
#20 Z:\home\etayga.ru\www\protected\framework\web\CWebApplication.php(282): CController->run('create')
#21 Z:\home\etayga.ru\www\protected\framework\web\CWebApplication.php(141): CWebApplication->runController('story/create')
#22 Z:\home\etayga.ru\www\protected\framework\base\CApplication.php(169): CWebApplication->processRequest()
#23 Z:\home\etayga.ru\www\index.php(13): CApplication->run()
#24 {main}
REQUEST_URI=/index.php?r=story/create
HTTP_REFERER=http://etayga.ru/index.php?r=story/admin
---
2013/11/13 22:20:45 [error] [exception.CException] exception 'CException' with message 'TbActiveForm and its behaviors do not have a method or closure named "listBoxRow".' in Z:\home\etayga.ru\www\protected\framework\base\CComponent.php:265
Stack trace:
#0 Z:\home\etayga.ru\www\themes\tasktracker\views\story\_form.php(18): CComponent->__call('listBoxRow', Array)
#1 Z:\home\etayga.ru\www\themes\tasktracker\views\story\_form.php(18): TbActiveForm->listBoxRow(Object(Story), 'user', Array)
#2 Z:\home\etayga.ru\www\protected\framework\web\CBaseController.php(126): require('Z:\home\etayga....')
#3 Z:\home\etayga.ru\www\protected\framework\web\CBaseController.php(95): CBaseController->renderInternal('Z:\home\etayga....', Array, true)
#4 Z:\home\etayga.ru\www\protected\framework\web\CController.php(869): CBaseController->renderFile('Z:\home\etayga....', Array, true)
#5 Z:\home\etayga.ru\www\themes\tasktracker\views\story\create.php(15): CController->renderPartial('_form', Array)
#6 Z:\home\etayga.ru\www\protected\framework\web\CBaseController.php(126): require('Z:\home\etayga....')
#7 Z:\home\etayga.ru\www\protected\framework\web\CBaseController.php(95): CBaseController->renderInternal('Z:\home\etayga....', Array, true)
#8 Z:\home\etayga.ru\www\protected\framework\web\CController.php(869): CBaseController->renderFile('Z:\home\etayga....', Array, true)
#9 Z:\home\etayga.ru\www\protected\framework\web\CController.php(782): CController->renderPartial('create', Array, true)
#10 Z:\home\etayga.ru\www\protected\controllers\StoryController.php(78): CController->render('create', Array)
#11 Z:\home\etayga.ru\www\protected\framework\web\actions\CInlineAction.php(49): StoryController->actionCreate()
#12 Z:\home\etayga.ru\www\protected\framework\web\CController.php(308): CInlineAction->runWithParams(Array)
#13 Z:\home\etayga.ru\www\protected\framework\web\filters\CFilterChain.php(133): CController->runAction(Object(CInlineAction))
#14 Z:\home\etayga.ru\www\protected\framework\web\filters\CFilter.php(40): CFilterChain->run()
#15 Z:\home\etayga.ru\www\protected\framework\web\CController.php(1145): CFilter->filter(Object(CFilterChain))
#16 Z:\home\etayga.ru\www\protected\framework\web\filters\CInlineFilter.php(58): CController->filterAccessControl(Object(CFilterChain))
#17 Z:\home\etayga.ru\www\protected\framework\web\filters\CFilterChain.php(130): CInlineFilter->filter(Object(CFilterChain))
#18 Z:\home\etayga.ru\www\protected\framework\web\CController.php(291): CFilterChain->run()
#19 Z:\home\etayga.ru\www\protected\framework\web\CController.php(265): CController->runActionWithFilters(Object(CInlineAction), Array)
#20 Z:\home\etayga.ru\www\protected\framework\web\CWebApplication.php(282): CController->run('create')
#21 Z:\home\etayga.ru\www\protected\framework\web\CWebApplication.php(141): CWebApplication->runController('story/create')
#22 Z:\home\etayga.ru\www\protected\framework\base\CApplication.php(169): CWebApplication->processRequest()
#23 Z:\home\etayga.ru\www\index.php(13): CApplication->run()
#24 {main}
REQUEST_URI=/index.php?r=story/create
HTTP_REFERER=http://etayga.ru/index.php?r=story/admin
---
2013/11/13 22:23:28 [error] [exception.CException] exception 'CException' with message 'TbActiveForm and its behaviors do not have a method or closure named "listData".' in Z:\home\etayga.ru\www\protected\framework\base\CComponent.php:265
Stack trace:
#0 Z:\home\etayga.ru\www\themes\tasktracker\views\story\_form.php(18): CComponent->__call('listData', Array)
#1 Z:\home\etayga.ru\www\themes\tasktracker\views\story\_form.php(18): TbActiveForm->listData(Object(Users), 'id', 'login', 'reg_date')
#2 Z:\home\etayga.ru\www\protected\framework\web\CBaseController.php(126): require('Z:\home\etayga....')
#3 Z:\home\etayga.ru\www\protected\framework\web\CBaseController.php(95): CBaseController->renderInternal('Z:\home\etayga....', Array, true)
#4 Z:\home\etayga.ru\www\protected\framework\web\CController.php(869): CBaseController->renderFile('Z:\home\etayga....', Array, true)
#5 Z:\home\etayga.ru\www\themes\tasktracker\views\story\create.php(15): CController->renderPartial('_form', Array)
#6 Z:\home\etayga.ru\www\protected\framework\web\CBaseController.php(126): require('Z:\home\etayga....')
#7 Z:\home\etayga.ru\www\protected\framework\web\CBaseController.php(95): CBaseController->renderInternal('Z:\home\etayga....', Array, true)
#8 Z:\home\etayga.ru\www\protected\framework\web\CController.php(869): CBaseController->renderFile('Z:\home\etayga....', Array, true)
#9 Z:\home\etayga.ru\www\protected\framework\web\CController.php(782): CController->renderPartial('create', Array, true)
#10 Z:\home\etayga.ru\www\protected\controllers\StoryController.php(78): CController->render('create', Array)
#11 Z:\home\etayga.ru\www\protected\framework\web\actions\CInlineAction.php(49): StoryController->actionCreate()
#12 Z:\home\etayga.ru\www\protected\framework\web\CController.php(308): CInlineAction->runWithParams(Array)
#13 Z:\home\etayga.ru\www\protected\framework\web\filters\CFilterChain.php(133): CController->runAction(Object(CInlineAction))
#14 Z:\home\etayga.ru\www\protected\framework\web\filters\CFilter.php(40): CFilterChain->run()
#15 Z:\home\etayga.ru\www\protected\framework\web\CController.php(1145): CFilter->filter(Object(CFilterChain))
#16 Z:\home\etayga.ru\www\protected\framework\web\filters\CInlineFilter.php(58): CController->filterAccessControl(Object(CFilterChain))
#17 Z:\home\etayga.ru\www\protected\framework\web\filters\CFilterChain.php(130): CInlineFilter->filter(Object(CFilterChain))
#18 Z:\home\etayga.ru\www\protected\framework\web\CController.php(291): CFilterChain->run()
#19 Z:\home\etayga.ru\www\protected\framework\web\CController.php(265): CController->runActionWithFilters(Object(CInlineAction), Array)
#20 Z:\home\etayga.ru\www\protected\framework\web\CWebApplication.php(282): CController->run('create')
#21 Z:\home\etayga.ru\www\protected\framework\web\CWebApplication.php(141): CWebApplication->runController('story/create')
#22 Z:\home\etayga.ru\www\protected\framework\base\CApplication.php(169): CWebApplication->processRequest()
#23 Z:\home\etayga.ru\www\index.php(13): CApplication->run()
#24 {main}
REQUEST_URI=/index.php?r=story/create
HTTP_REFERER=http://etayga.ru/index.php?r=story/admin
---
2013/11/13 22:24:22 [error] [php] Invalid argument supplied for foreach() (Z:\home\etayga.ru\www\protected\framework\web\helpers\CHtml.php:1850)
Stack trace:
#0 Z:\home\etayga.ru\www\protected\framework\web\CBaseController.php(95): StoryController->renderInternal()
#1 Z:\home\etayga.ru\www\protected\framework\web\CController.php(869): StoryController->renderFile()
#2 Z:\home\etayga.ru\www\themes\tasktracker\views\story\create.php(15): StoryController->renderPartial()
#3 Z:\home\etayga.ru\www\protected\framework\web\CBaseController.php(126): require()
#4 Z:\home\etayga.ru\www\protected\framework\web\CBaseController.php(95): StoryController->renderInternal()
#5 Z:\home\etayga.ru\www\protected\framework\web\CController.php(869): StoryController->renderFile()
#6 Z:\home\etayga.ru\www\protected\framework\web\CController.php(782): StoryController->renderPartial()
#7 Z:\home\etayga.ru\www\protected\controllers\StoryController.php(78): StoryController->render()
#8 Z:\home\etayga.ru\www\protected\framework\web\actions\CInlineAction.php(49): StoryController->actionCreate()
#9 Z:\home\etayga.ru\www\protected\framework\web\CController.php(308): CInlineAction->runWithParams()
#10 Z:\home\etayga.ru\www\protected\framework\web\filters\CFilterChain.php(133): StoryController->runAction()
#11 Z:\home\etayga.ru\www\protected\framework\web\filters\CFilter.php(40): CFilterChain->run()
#12 Z:\home\etayga.ru\www\protected\framework\web\CController.php(1145): CAccessControlFilter->filter()
#13 Z:\home\etayga.ru\www\protected\framework\web\filters\CInlineFilter.php(58): StoryController->filterAccessControl()
#14 Z:\home\etayga.ru\www\protected\framework\web\filters\CFilterChain.php(130): CInlineFilter->filter()
#15 Z:\home\etayga.ru\www\protected\framework\web\CController.php(291): CFilterChain->run()
#16 Z:\home\etayga.ru\www\protected\framework\web\CController.php(265): StoryController->runActionWithFilters()
#17 Z:\home\etayga.ru\www\protected\framework\web\CWebApplication.php(282): StoryController->run()
#18 Z:\home\etayga.ru\www\protected\framework\web\CWebApplication.php(141): CWebApplication->runController()
#19 Z:\home\etayga.ru\www\protected\framework\base\CApplication.php(169): CWebApplication->processRequest()
#20 Z:\home\etayga.ru\www\index.php(13): CWebApplication->run()
REQUEST_URI=/index.php?r=story/create
in Z:\home\etayga.ru\www\themes\tasktracker\views\story\_form.php (18)
in Z:\home\etayga.ru\www\themes\tasktracker\views\story\create.php (15)
in Z:\home\etayga.ru\www\protected\controllers\StoryController.php (78)
